2016-04-20 17:13:18,111 ERROR [errorlog] com.eviware.soapui.impl.support.definition.support.InvalidDefinitionException
com.eviware.soapui.impl.support.definition.support.InvalidDefinitionException
	at com.eviware.soapui.impl.wsdl.support.wsdl.WsdlLoader.loadXmlObject(WsdlLoader.java:138)
	at com.eviware.soapui.impl.wsdl.support.xsd.SchemaUtils.getDefinitionParts(SchemaUtils.java:534)
	at com.eviware.soapui.impl.wsdl.support.xsd.SchemaUtils.getDefinitionParts(SchemaUtils.java:523)
	at com.eviware.soapui.impl.support.definition.support.AbstractDefinitionCache.update(AbstractDefinitionCache.java:97)
	at com.eviware.soapui.impl.support.definition.support.AbstractDefinitionContext$Loader.construct(AbstractDefinitionContext.java:226)
	at com.eviware.x.impl.swt.SwtProgressDialog$InternalRunnableWithProgress.run(SwtProgressDialog.java:138)
	at org.eclipse.jface.operation.ModalContext$ModalContextThread.run(ModalContext.java:119)
2016-04-20 17:13:18,143 ERROR [errorlog] org.eclipse.swt.SWTException: Invalid thread access
org.eclipse.swt.SWTException: Invalid thread access
	at org.eclipse.swt.SWT.error(SWT.java:4491)
	at org.eclipse.swt.SWT.error(SWT.java:4406)
	at org.eclipse.swt.SWT.error(SWT.java:4377)
	at org.eclipse.swt.widgets.Display.error(Display.java:1258)
	at org.eclipse.swt.widgets.Display.checkDevice(Display.java:764)
	at org.eclipse.swt.widgets.Display.getActiveShell(Display.java:1477)
	at com.eviware.x.impl.swt.SwtDialogs.getShell(SwtDialogs.java:46)
	at com.eviware.x.impl.swt.SwtDialogs.showExtendedInfo(SwtDialogs.java:255)
	at com.eviware.soapui.support.UISupport.showExtendedInfo(UISupport.java:859)
	at com.eviware.soapui.impl.support.definition.support.InvalidDefinitionException.show(InvalidDefinitionException.java:152)
	at com.eviware.soapui.impl.actions.NewWsdlProjectAction.perform(NewWsdlProjectAction.java:170)
	at com.eviware.soapui.impl.actions.NewWsdlProjectAction.perform(NewWsdlProjectAction.java:52)
	at com.eviware.soapui.support.action.swing.SwingActionDelegate.actionPerformed(SwingActionDelegate.java:89)
	at javax.swing.AbstractButton.fireActionPerformed(AbstractButton.java:2018)
	at javax.swing.AbstractButton$Handler.actionPerformed(AbstractButton.java:2341)
	at javax.swing.DefaultButtonModel.fireActionPerformed(DefaultButtonModel.java:402)
	at javax.swing.DefaultButtonModel.setPressed(DefaultButtonModel.java:259)
	at javax.swing.AbstractButton.doClick(AbstractButton.java:376)
	at javax.swing.plaf.basic.BasicMenuItemUI.doClick(BasicMenuItemUI.java:833)
	at javax.swing.plaf.basic.BasicMenuItemUI$Handler.mouseReleased(BasicMenuItemUI.java:877)
	at java.awt.AWTEventMulticaster.mouseReleased(AWTEventMulticaster.java:289)
	at java.awt.Component.processMouseEvent(Component.java:6516)
	at javax.swing.JComponent.processMouseEvent(JComponent.java:3321)
	at java.awt.Component.processEvent(Component.java:6281)
	at java.awt.Container.processEvent(Container.java:2229)
	at java.awt.Component.dispatchEventImpl(Component.java:4872)
	at java.awt.Container.dispatchEventImpl(Container.java:2287)
	at java.awt.Component.dispatchEvent(Component.java:4698)
	at java.awt.LightweightDispatcher.retargetMouseEvent(Container.java:4832)
	at java.awt.LightweightDispatcher.processMouseEvent(Container.java:4492)
	at java.awt.LightweightDispatcher.dispatchEvent(Container.java:4422)
	at java.awt.Container.dispatchEventImpl(Container.java:2273)
	at java.awt.Window.dispatchEventImpl(Window.java:2719)
	at java.awt.Component.dispatchEvent(Component.java:4698)
	at java.awt.EventQueue.dispatchEventImpl(EventQueue.java:747)
	at java.awt.EventQueue.access$300(EventQueue.java:103)
	at java.awt.EventQueue$3.run(EventQueue.java:706)
	at java.awt.EventQueue$3.run(EventQueue.java:704)
	at java.security.AccessController.doPrivileged(Native Method)
	at java.security.ProtectionDomain$1.doIntersectionPrivilege(ProtectionDomain.java:76)
	at java.security.ProtectionDomain$1.doIntersectionPrivilege(ProtectionDomain.java:87)
	at java.awt.EventQueue$4.run(EventQueue.java:720)
	at java.awt.EventQueue$4.run(EventQueue.java:718)
	at java.security.AccessController.doPrivileged(Native Method)
	at java.security.ProtectionDomain$1.doIntersectionPrivilege(ProtectionDomain.java:76)
	at java.awt.EventQueue.dispatchEvent(EventQueue.java:717)
	at java.awt.EventDispatchThread.pumpOneEventForFilters(EventDispatchThread.java:242)
	at java.awt.EventDispatchThread.pumpEventsForFilter(EventDispatchThread.java:161)
	at java.awt.EventDispatchThread.pumpEventsForHierarchy(EventDispatchThread.java:150)
	at java.awt.EventDispatchThread.pumpEvents(EventDispatchThread.java:146)
	at java.awt.EventDispatchThread.pumpEvents(EventDispatchThread.java:138)
	at java.awt.EventDispatchThread.run(EventDispatchThread.java:91)
2016-04-20 21:02:55,927 ERROR [errorlog] com.eviware.soapui.impl.support.definition.support.InvalidDefinitionException
com.eviware.soapui.impl.support.definition.support.InvalidDefinitionException
	at com.eviware.soapui.impl.wsdl.support.wsdl.WsdlLoader.loadXmlObject(WsdlLoader.java:138)
	at com.eviware.soapui.impl.wsdl.support.xsd.SchemaUtils.getDefinitionParts(SchemaUtils.java:534)
	at com.eviware.soapui.impl.wsdl.support.xsd.SchemaUtils.getDefinitionParts(SchemaUtils.java:523)
	at com.eviware.soapui.impl.support.definition.support.AbstractDefinitionCache.update(AbstractDefinitionCache.java:97)
	at com.eviware.soapui.impl.support.definition.support.AbstractDefinitionContext$Loader.construct(AbstractDefinitionContext.java:226)
	at com.eviware.x.impl.swt.SwtProgressDialog$InternalRunnableWithProgress.run(SwtProgressDialog.java:138)
	at org.eclipse.jface.operation.ModalContext$ModalContextThread.run(ModalContext.java:119)
2016-04-20 21:02:55,970 ERROR [errorlog] org.eclipse.swt.SWTException: Invalid thread access
org.eclipse.swt.SWTException: Invalid thread access
	at org.eclipse.swt.SWT.error(SWT.java:4491)
	at org.eclipse.swt.SWT.error(SWT.java:4406)
	at org.eclipse.swt.SWT.error(SWT.java:4377)
	at org.eclipse.swt.widgets.Display.error(Display.java:1258)
	at org.eclipse.swt.widgets.Display.checkDevice(Display.java:764)
	at org.eclipse.swt.widgets.Display.getActiveShell(Display.java:1477)
	at com.eviware.x.impl.swt.SwtDialogs.getShell(SwtDialogs.java:46)
	at com.eviware.x.impl.swt.SwtDialogs.showExtendedInfo(SwtDialogs.java:255)
	at com.eviware.soapui.support.UISupport.showExtendedInfo(UISupport.java:859)
	at com.eviware.soapui.impl.support.definition.support.InvalidDefinitionException.show(InvalidDefinitionException.java:152)
	at com.eviware.soapui.impl.actions.NewWsdlProjectAction.perform(NewWsdlProjectAction.java:170)
	at com.eviware.soapui.impl.actions.NewWsdlProjectAction.perform(NewWsdlProjectAction.java:52)
	at com.eviware.soapui.support.action.swing.SwingActionDelegate.actionPerformed(SwingActionDelegate.java:89)
	at javax.swing.AbstractButton.fireActionPerformed(AbstractButton.java:2018)
	at javax.swing.AbstractButton$Handler.actionPerformed(AbstractButton.java:2341)
	at javax.swing.DefaultButtonModel.fireActionPerformed(DefaultButtonModel.java:402)
	at javax.swing.DefaultButtonModel.setPressed(DefaultButtonModel.java:259)
	at javax.swing.AbstractButton.doClick(AbstractButton.java:376)
	at javax.swing.plaf.basic.BasicMenuItemUI.doClick(BasicMenuItemUI.java:833)
	at javax.swing.plaf.basic.BasicMenuItemUI$Handler.mouseReleased(BasicMenuItemUI.java:877)
	at java.awt.AWTEventMulticaster.mouseReleased(AWTEventMulticaster.java:289)
	at java.awt.Component.processMouseEvent(Component.java:6516)
	at javax.swing.JComponent.processMouseEvent(JComponent.java:3321)
	at java.awt.Component.processEvent(Component.java:6281)
	at java.awt.Container.processEvent(Container.java:2229)
	at java.awt.Component.dispatchEventImpl(Component.java:4872)
	at java.awt.Container.dispatchEventImpl(Container.java:2287)
	at java.awt.Component.dispatchEvent(Component.java:4698)
	at java.awt.LightweightDispatcher.retargetMouseEvent(Container.java:4832)
	at java.awt.LightweightDispatcher.processMouseEvent(Container.java:4492)
	at java.awt.LightweightDispatcher.dispatchEvent(Container.java:4422)
	at java.awt.Container.dispatchEventImpl(Container.java:2273)
	at java.awt.Window.dispatchEventImpl(Window.java:2719)
	at java.awt.Component.dispatchEvent(Component.java:4698)
	at java.awt.EventQueue.dispatchEventImpl(EventQueue.java:747)
	at java.awt.EventQueue.access$300(EventQueue.java:103)
	at java.awt.EventQueue$3.run(EventQueue.java:706)
	at java.awt.EventQueue$3.run(EventQueue.java:704)
	at java.security.AccessController.doPrivileged(Native Method)
	at java.security.ProtectionDomain$1.doIntersectionPrivilege(ProtectionDomain.java:76)
	at java.security.ProtectionDomain$1.doIntersectionPrivilege(ProtectionDomain.java:87)
	at java.awt.EventQueue$4.run(EventQueue.java:720)
	at java.awt.EventQueue$4.run(EventQueue.java:718)
	at java.security.AccessController.doPrivileged(Native Method)
	at java.security.ProtectionDomain$1.doIntersectionPrivilege(ProtectionDomain.java:76)
	at java.awt.EventQueue.dispatchEvent(EventQueue.java:717)
	at java.awt.EventDispatchThread.pumpOneEventForFilters(EventDispatchThread.java:242)
	at java.awt.EventDispatchThread.pumpEventsForFilter(EventDispatchThread.java:161)
	at java.awt.EventDispatchThread.pumpEventsForHierarchy(EventDispatchThread.java:150)
	at java.awt.EventDispatchThread.pumpEvents(EventDispatchThread.java:146)
	at java.awt.EventDispatchThread.pumpEvents(EventDispatchThread.java:138)
	at java.awt.EventDispatchThread.run(EventDispatchThread.java:91)
2016-04-20 21:22:00,360 ERROR [errorlog] java.lang.IllegalArgumentException: Tokenizing invalid line: 1
java.lang.IllegalArgumentException: Tokenizing invalid line: 1
	at org.syntax.jedit.tokenmarker.TokenMarker.markTokens(TokenMarker.java:47)
	at org.syntax.jedit.TextAreaPainter.paintSyntaxLine(TextAreaPainter.java:629)
	at org.syntax.jedit.TextAreaPainter.paintLine(TextAreaPainter.java:598)
	at org.syntax.jedit.TextAreaPainter.paint(TextAreaPainter.java:443)
	at javax.swing.JComponent.paintChildren(JComponent.java:888)
	at javax.swing.JComponent.paint(JComponent.java:1064)
	at javax.swing.JComponent.paintChildren(JComponent.java:888)
	at javax.swing.JComponent.paint(JComponent.java:1064)
	at javax.swing.JComponent.paintToOffscreen(JComponent.java:5232)
	at javax.swing.RepaintManager$PaintManager.paintDoubleBuffered(RepaintManager.java:1529)
	at javax.swing.RepaintManager$PaintManager.paint(RepaintManager.java:1452)
	at javax.swing.RepaintManager.paint(RepaintManager.java:1249)
	at javax.swing.JComponent._paintImmediately(JComponent.java:5180)
	at javax.swing.JComponent.paintImmediately(JComponent.java:4991)
	at javax.swing.RepaintManager$3.run(RepaintManager.java:808)
	at javax.swing.RepaintManager$3.run(RepaintManager.java:796)
	at java.security.AccessController.doPrivileged(Native Method)
	at java.security.ProtectionDomain$1.doIntersectionPrivilege(ProtectionDomain.java:76)
	at javax.swing.RepaintManager.paintDirtyRegions(RepaintManager.java:796)
	at javax.swing.RepaintManager.paintDirtyRegions(RepaintManager.java:769)
	at javax.swing.RepaintManager.prePaintDirtyRegions(RepaintManager.java:718)
	at javax.swing.RepaintManager.access$1100(RepaintManager.java:62)
	at javax.swing.RepaintManager$ProcessingRunnable.run(RepaintManager.java:1677)
	at java.awt.event.InvocationEvent.dispatch(InvocationEvent.java:312)
	at java.awt.EventQueue.dispatchEventImpl(EventQueue.java:745)
	at java.awt.EventQueue.access$300(EventQueue.java:103)
	at java.awt.EventQueue$3.run(EventQueue.java:706)
	at java.awt.EventQueue$3.run(EventQueue.java:704)
	at java.security.AccessController.doPrivileged(Native Method)
	at java.security.ProtectionDomain$1.doIntersectionPrivilege(ProtectionDomain.java:76)
	at java.awt.EventQueue.dispatchEvent(EventQueue.java:715)
	at java.awt.EventDispatchThread.pumpOneEventForFilters(EventDispatchThread.java:242)
	at java.awt.EventDispatchThread.pumpEventsForFilter(EventDispatchThread.java:161)
	at java.awt.EventDispatchThread.pumpEventsForHierarchy(EventDispatchThread.java:150)
	at java.awt.EventDispatchThread.pumpEvents(EventDispatchThread.java:146)
	at java.awt.EventDispatchThread.pumpEvents(EventDispatchThread.java:138)
	at java.awt.EventDispatchThread.run(EventDispatchThread.java:91)
